Using pre-set license
Built from '2020.3/staging' branch; Version is '2020.3.42f1 (7ade1201f527) revision 8052242'; Using compiler version '192528614'; Build Type 'Release'
OS: 'Windows 10  (10.0.19044) 64bit Professional' Language: 'ko' Physical Memory: 8051 MB
BatchMode: 1, IsHumanControllingUs: 0, StartBugReporterOnCrash: 0, Is64bit: 1, IsPro: 0

COMMAND LINE ARGUMENTS:
C:\Program Files\Unity\Hub\Editor\2020.3.42f1\Editor\Unity.exe
-adb2
-batchMode
-noUpm
-name
AssetImportWorker0
-projectPath
C:/Users/SEORIN/Desktop/graphics_final/graphics_final
-logFile
Logs/AssetImportWorker0.log
-srvPort
64138
Successfully changed project path to: C:/Users/SEORIN/Desktop/graphics_final/graphics_final
C:/Users/SEORIN/Desktop/graphics_final/graphics_final
Using Asset Import Pipeline V2.
Refreshing native plugins compatible for Editor in 101.77 ms, found 2 plugins.
Preloading 0 native plugins for Editor in 0.00 ms.
Initialize engine version: 2020.3.42f1 (7ade1201f527)
[Subsystems] Discovering subsystems at path C:/Program Files/Unity/Hub/Editor/2020.3.42f1/Editor/Data/Resources/UnitySubsystems
[Subsystems] Discovering subsystems at path C:/Users/SEORIN/Desktop/graphics_final/graphics_final/Assets
GfxDevice: creating device client; threaded=0
Direct3D:
    Version:  Direct3D 11.0 [level 11.1]
    Renderer: Intel(R) HD Graphics 620 (ID=0x5916)
    Vendor:   
    VRAM:     4025 MB
    Driver:   23.20.16.4849
Initialize mono
Mono path[0] = 'C:/Program Files/Unity/Hub/Editor/2020.3.42f1/Editor/Data/Managed'
Mono path[1] = 'C:/Program Files/Unity/Hub/Editor/2020.3.42f1/Editor/Data/MonoBleedingEdge/lib/mono/unityjit'
Mono config path = 'C:/Program Files/Unity/Hub/Editor/2020.3.42f1/Editor/Data/MonoBleedingEdge/etc'
Using monoOptions --debugger-agent=transport=dt_socket,embedding=1,server=y,suspend=n,address=127.0.0.1:56716
Begin MonoManager ReloadAssembly
Registering precompiled unity dll's ...
Register platform support module: C:/Program Files/Unity/Hub/Editor/2020.3.42f1/Editor/Data/PlaybackEngines/WindowsStandaloneSupport/UnityEditor.WindowsStandalone.Extensions.dll
Registered in 0.012958 seconds.
Native extension for WindowsStandalone target not found
Refreshing native plugins compatible for Editor in 98.18 ms, found 2 plugins.
Preloading 0 native plugins for Editor in 0.00 ms.
Unable to find bridge dll in registry for Microsoft Visual Studio Tools for Unity for C:\Program Files (x86)\Microsoft Visual Studio\2019\Community\Common7\IDE\devenv.exe
Mono: successfully reloaded assembly
- Completed reload, in  3.782 seconds
Domain Reload Profiling:
	ReloadAssembly (3783ms)
		BeginReloadAssembly (1042ms)
			ExecutionOrderSort (0ms)
			DisableScriptedObjects (0ms)
			BackupInstance (0ms)
			ReleaseScriptingObjects (0ms)
			CreateAndSetChildDomain (8ms)
		EndReloadAssembly (1286ms)
			LoadAssemblies (989ms)
			RebuildTransferFunctionScriptingTraits (0ms)
			SetupTypeCache (451ms)
			ReleaseScriptCaches (0ms)
			RebuildScriptCaches (79ms)
			SetupLoadedEditorAssemblies (423ms)
				LogAssemblyErrors (0ms)
				InitializePlatformSupportModulesInManaged (11ms)
				SetLoadedEditorAssemblies (1ms)
				RefreshPlugins (98ms)
				BeforeProcessingInitializeOnLoad (46ms)
				ProcessInitializeOnLoadAttributes (203ms)
				ProcessInitializeOnLoadMethodAttributes (63ms)
				AfterProcessingInitializeOnLoad (0ms)
				EditorAssembliesLoaded (0ms)
			ExecutionOrderSort2 (0ms)
			AwakeInstancesAfterBackupRestoration (0ms)
Platform modules already initialized, skipping
Registering precompiled user dll's ...
Registered in 0.024519 seconds.
Begin MonoManager ReloadAssembly
Native extension for WindowsStandalone target not found
Refreshing native plugins compatible for Editor in 1.13 ms, found 2 plugins.
Preloading 0 native plugins for Editor in 0.00 ms.
Mono: successfully reloaded assembly
- Completed reload, in  6.907 seconds
Domain Reload Profiling:
	ReloadAssembly (6913ms)
		BeginReloadAssembly (697ms)
			ExecutionOrderSort (0ms)
			DisableScriptedObjects (13ms)
			BackupInstance (0ms)
			ReleaseScriptingObjects (0ms)
			CreateAndSetChildDomain (87ms)
		EndReloadAssembly (5858ms)
			LoadAssemblies (636ms)
			RebuildTransferFunctionScriptingTraits (0ms)
			SetupTypeCache (2201ms)
			ReleaseScriptCaches (8ms)
			RebuildScriptCaches (342ms)
			SetupLoadedEditorAssemblies (2261ms)
				LogAssemblyErrors (0ms)
				InitializePlatformSupportModulesInManaged (21ms)
				SetLoadedEditorAssemblies (1ms)
				RefreshPlugins (1ms)
				BeforeProcessingInitializeOnLoad (406ms)
				ProcessInitializeOnLoadAttributes (1531ms)
				ProcessInitializeOnLoadMethodAttributes (175ms)
				AfterProcessingInitializeOnLoad (125ms)
				EditorAssembliesLoaded (1ms)
			ExecutionOrderSort2 (0ms)
			AwakeInstancesAfterBackupRestoration (5ms)
Platform modules already initialized, skipping
========================================================================
Worker process is ready to serve import requests
Launched and connected shader compiler UnityShaderCompiler.exe after 2.17 seconds
Refreshing native plugins compatible for Editor in 4.02 ms, found 2 plugins.
Preloading 0 native plugins for Editor in 0.00 ms.
Unloading 1540 Unused Serialized files (Serialized files now loaded: 0)
System memory in use before: 89.1 MB.
System memory in use after: 89.1 MB.

Unloading 17 unused Assets to reduce memory usage. Loaded Objects now: 1999.
Total: 10.611400 ms (FindLiveObjects: 0.366200 ms CreateObjectMapping: 0.278400 ms MarkObjects: 9.626000 ms  DeleteObjects: 0.336300 ms)

AssetImportParameters requested are different than current active one (requested -> active):
  custom:framework-win-MediaFoundation: 216162199b28c13a410421893ffa2e32 -> 
  custom:video-decoder-ogg-theora: a1e56fd34408186e4bbccfd4996cb3dc -> 
  custom:container-muxer-webm: aa71ff27fc2769a1b78a27578f13a17b -> 
  custom:container-demuxer-webm: 4f35f7cbe854078d1ac9338744f61a02 -> 
  custom:container-demuxer-ogg: 62fdf1f143b41e24485cea50d1cbac27 -> 
  custom:video-encoder-webm-vp8: eb34c28f22e8b96e1ab97ce403110664 -> 
  custom:video-decoder-webm-vp8: 9c59270c3fd7afecdb556c50c9e8de78 -> 
  custom:audio-decoder-ogg-vorbis: bf7c407c2cedff20999df2af8eb42d56 -> 
  custom:audio-encoder-webm-vorbis: bf7c407c2cedff20999df2af8eb42d56 -> 
========================================================================
Received Import Request.
  path: Assets/past/NewLayer.terrainlayer
  artifactKey: Guid(a09d63540848dca4c8e43a1ffe92694f) Importer(815301076,1909f56bfc062723c751e8b465ee728b)
Start importing Assets/past/NewLayer.terrainlayer using Guid(a09d63540848dca4c8e43a1ffe92694f) Importer(815301076,1909f56bfc062723c751e8b465ee728b)  -> (artifact id: '7dd0e657037f0e81cde40d21c0e6a6e7') in 0.325687 seconds 
========================================================================
Received Prepare
Refreshing native plugins compatible for Editor in 13.52 ms, found 2 plugins.
Preloading 0 native plugins for Editor in 0.00 ms.
Unloading 10 Unused Serialized files (Serialized files now loaded: 0)
System memory in use before: 61.3 MB.
System memory in use after: 61.3 MB.

Unloading 10 unused Assets to reduce memory usage. Loaded Objects now: 2005.
Total: 7.209900 ms (FindLiveObjects: 0.322000 ms CreateObjectMapping: 0.130300 ms MarkObjects: 6.640600 ms  DeleteObjects: 0.115400 ms)

AssetImportParameters requested are different than current active one (requested -> active):
  custom:framework-win-MediaFoundation: 216162199b28c13a410421893ffa2e32 -> 
  custom:video-decoder-ogg-theora: a1e56fd34408186e4bbccfd4996cb3dc -> 
  custom:container-muxer-webm: aa71ff27fc2769a1b78a27578f13a17b -> 
  custom:container-demuxer-webm: 4f35f7cbe854078d1ac9338744f61a02 -> 
  custom:container-demuxer-ogg: 62fdf1f143b41e24485cea50d1cbac27 -> 
  custom:video-encoder-webm-vp8: eb34c28f22e8b96e1ab97ce403110664 -> 
  custom:video-decoder-webm-vp8: 9c59270c3fd7afecdb556c50c9e8de78 -> 
  custom:audio-decoder-ogg-vorbis: bf7c407c2cedff20999df2af8eb42d56 -> 
  custom:audio-encoder-webm-vorbis: bf7c407c2cedff20999df2af8eb42d56 -> 
========================================================================
Received Import Request.
  Time since last request: 245.009670 seconds.
  path: Assets/future/Organodron City/Maps
  artifactKey: Guid(f36faf71619fd754fb252ba12160c460) Importer(815301076,1909f56bfc062723c751e8b465ee728b)
Start importing Assets/future/Organodron City/Maps using Guid(f36faf71619fd754fb252ba12160c460) Importer(815301076,1909f56bfc062723c751e8b465ee728b)  -> (artifact id: '874172cf12f235c6ba3ff575f87e1afa') in 0.022115 seconds 
========================================================================
Received Import Request.
  Time since last request: 0.631807 seconds.
  path: Assets/past/NewLayer 1.terrainlayer
  artifactKey: Guid(9a6f161c4a49fea439ef9aa141fc2972) Importer(815301076,1909f56bfc062723c751e8b465ee728b)
Start importing Assets/past/NewLayer 1.terrainlayer using Guid(9a6f161c4a49fea439ef9aa141fc2972) Importer(815301076,1909f56bfc062723c751e8b465ee728b)  -> (artifact id: 'f021537213aa14fe34a55b2cf7250f75') in 0.085890 seconds 
========================================================================
Received Import Request.
  Time since last request: 0.045629 seconds.
  path: Assets/future/Organodron City/o6.jpg
  artifactKey: Guid(cb44ae69b940c0243a0f498421f66421) Importer(815301076,1909f56bfc062723c751e8b465ee728b)
Start importing Assets/future/Organodron City/o6.jpg using Guid(cb44ae69b940c0243a0f498421f66421) Importer(815301076,1909f56bfc062723c751e8b465ee728b)  -> (artifact id: '34fcaf322d8d53a93a2af12ab5913afe') in 0.128447 seconds 
========================================================================
Received Import Request.
  Time since last request: 0.057243 seconds.
  path: Assets/Scenes/SampleScene.unity
  artifactKey: Guid(9fc0d4010bbf28b4594072e72b8655ab) Importer(815301076,1909f56bfc062723c751e8b465ee728b)
Start importing Assets/Scenes/SampleScene.unity using Guid(9fc0d4010bbf28b4594072e72b8655ab) Importer(815301076,1909f56bfc062723c751e8b465ee728b)  -> (artifact id: '94c55409359c0051422e58de30b0573d') in 0.124658 seconds 
========================================================================
Received Import Request.
  Time since last request: 0.251374 seconds.
  path: Assets/Scenes/future.unity
  artifactKey: Guid(30725705d7a42c54f8d06cfbe3b2911e) Importer(815301076,1909f56bfc062723c751e8b465ee728b)
Start importing Assets/Scenes/future.unity using Guid(30725705d7a42c54f8d06cfbe3b2911e) Importer(815301076,1909f56bfc062723c751e8b465ee728b)  -> (artifact id: 'bf21dd15ad40004b12703f923310a809') in 0.040023 seconds 
========================================================================
Received Import Request.
  Time since last request: 0.075551 seconds.
  path: Assets/past/noise2.png
  artifactKey: Guid(a70665918e3b4b44594f579e0892e3f4) Importer(815301076,1909f56bfc062723c751e8b465ee728b)
Start importing Assets/past/noise2.png using Guid(a70665918e3b4b44594f579e0892e3f4) Importer(815301076,1909f56bfc062723c751e8b465ee728b)  -> (artifact id: '6375f11950dc6926feaf118927c268d3') in 0.064605 seconds 
========================================================================
Received Import Request.
  Time since last request: 0.026272 seconds.
  path: Assets/present/NewLayer.terrainlayer
  artifactKey: Guid(4bac6f61325bfa94ba2cc6d84100ea12) Importer(815301076,1909f56bfc062723c751e8b465ee728b)
Start importing Assets/present/NewLayer.terrainlayer using Guid(4bac6f61325bfa94ba2cc6d84100ea12) Importer(815301076,1909f56bfc062723c751e8b465ee728b)  -> (artifact id: '5c5c80e939ac813625b61a39ad6c18e8') in 0.044777 seconds 
========================================================================
Received Import Request.
  Time since last request: 0.031067 seconds.
  path: Assets/Scenes/past.unity
  artifactKey: Guid(ba299410c7441a04e836c4f53cbd2d9a) Importer(815301076,1909f56bfc062723c751e8b465ee728b)
Start importing Assets/Scenes/past.unity using Guid(ba299410c7441a04e836c4f53cbd2d9a) Importer(815301076,1909f56bfc062723c751e8b465ee728b)  -> (artifact id: '94d21b7427cacd24513a22743ba9825d') in 0.026288 seconds 
========================================================================
Received Import Request.
  Time since last request: 0.161328 seconds.
  path: Assets/future/Organodron City/Organodron_City.mtl
  artifactKey: Guid(d3351aafa46008e4798fa32672fd6e8e) Importer(815301076,1909f56bfc062723c751e8b465ee728b)
Start importing Assets/future/Organodron City/Organodron_City.mtl using Guid(d3351aafa46008e4798fa32672fd6e8e) Importer(815301076,1909f56bfc062723c751e8b465ee728b)  -> (artifact id: 'e2c0f48f2cd624cf56b68ad6e492bec7') in 0.033406 seconds 
========================================================================
Received Import Request.
  Time since last request: 0.060214 seconds.
  path: Assets/future/Organodron City/o2.jpg
  artifactKey: Guid(5c9bd8c5aa2eb634e93c8f3034a70847) Importer(815301076,1909f56bfc062723c751e8b465ee728b)
Start importing Assets/future/Organodron City/o2.jpg using Guid(5c9bd8c5aa2eb634e93c8f3034a70847) Importer(815301076,1909f56bfc062723c751e8b465ee728b)  -> (artifact id: 'cab0a227d1d8aa71c70cd0e1ff9997c3') in 0.067867 seconds 
========================================================================
Received Import Request.
  Time since last request: 0.074630 seconds.
  path: Assets/New Terrain 1.asset
  artifactKey: Guid(57d0d7e50af5d5d4290194472c1d9e5d) Importer(815301076,1909f56bfc062723c751e8b465ee728b)
Start importing Assets/New Terrain 1.asset using Guid(57d0d7e50af5d5d4290194472c1d9e5d) Importer(815301076,1909f56bfc062723c751e8b465ee728b)  -> (artifact id: '327a1982f0f363d734eb217e219e55f0') in 0.578784 seconds 
